<?xml version="1.0" encoding="UTF-8"?>
<testsuite xmlns:xsi="http://www.w3.org/2001/XMLSchema-instance" xsi:noNamespaceSchemaLocation="https://maven.apache.org/surefire/maven-surefire-plugin/xsd/surefire-test-report-3.0.xsd" version="3.0" name="Runner.TestRunnerGreencart" time="25.251" tests="4" errors="0" skipped="0" failures="1">
  <properties>
[...]
</properties>
  <testcase name="runScenario[&quot;invalid search&quot;, &quot;Greencarthomepage&quot;](1)" classname="Runner.TestRunnerGreencart" time="20.006">
    <failure message="no such element: Unable to locate element: {&quot;method&quot;:&quot;css selector&quot;,&quot;selector&quot;:&quot;.no\-results&quot;}&#10;  (Session info: chrome=120.0.6099.109)&#10;For documentation on this error, please visit: https://www.selenium.dev/documentation/webdriver/troubleshooting/errors#no-such-element-exception&#10;Build info: version: &apos;4.14.1&apos;, revision: &apos;03f8ede370&apos;&#10;System info: os.name: &apos;Windows 11&apos;, os.arch: &apos;amd64&apos;, os.version: &apos;10.0&apos;, java.version: &apos;17.0.7&apos;&#10;Driver info: org.openqa.selenium.chrome.ChromeDriver&#10;Command: [acf09d6659b9014e950c648af737fe85, findElement {using=class name, value=no-results}]&#10;Capabilities {acceptInsecureCerts: false, browserName: chrome, browserVersion: 120.0.6099.109, chrome: {chromedriverVersion: 120.0.6099.71 (9729082fe617..., userDataDir: C:\Users\krishna\AppData\Lo...}, fedcm:accounts: true, goog:chromeOptions: {debuggerAddress: localhost:57498}, networkConnectionEnabled: false, pageLoadStrategy: normal, platformName: windows, proxy: Proxy(), se:cdp: ws://localhost:57498/devtoo..., se:cdpVersion: 120.0.6099.109, setWindowRect: true, strictFileInteractability: false, timeouts: {implicit: 0, pageLoad: 300000, script: 30000}, unhandledPromptBehavior: dismiss and notify, webauthn:extension:credBlob: true, webauthn:extension:largeBlob: true, webauthn:extension:minPinLength: true, webauthn:extension:prf: true, webauthn:virtualAuthenticators: true}&#10;Session ID: acf09d6659b9014e950c648af737fe85" type="org.openqa.selenium.NoSuchElementException"><![CDATA[org.openqa.selenium.NoSuchElementException: 
no such element: Unable to locate element: {"method":"css selector","selector":".no\-results"}
  (Session info: chrome=120.0.6099.109)
For documentation on this error, please visit: https://www.selenium.dev/documentation/webdriver/troubleshooting/errors#no-such-element-exception
Build info: version: '4.14.1', revision: '03f8ede370'
System info: os.name: 'Windows 11', os.arch: 'amd64', os.version: '10.0', java.version: '17.0.7'
Driver info: org.openqa.selenium.chrome.ChromeDriver
Command: [acf09d6659b9014e950c648af737fe85, findElement {using=class name, value=no-results}]
Capabilities {acceptInsecureCerts: false, browserName: chrome, browserVersion: 120.0.6099.109, chrome: {chromedriverVersion: 120.0.6099.71 (9729082fe617..., userDataDir: C:\Users\krishna\AppData\Lo...}, fedcm:accounts: true, goog:chromeOptions: {debuggerAddress: localhost:57498}, networkConnectionEnabled: false, pageLoadStrategy: normal, platformName: windows, proxy: Proxy(), se:cdp: ws://localhost:57498/devtoo..., se:cdpVersion: 120.0.6099.109, setWindowRect: true, strictFileInteractability: false, timeouts: {implicit: 0, pageLoad: 300000, script: 30000}, unhandledPromptBehavior: dismiss and notify, webauthn:extension:credBlob: true, webauthn:extension:largeBlob: true, webauthn:extension:minPinLength: true, webauthn:extension:prf: true, webauthn:virtualAuthenticators: true}
Session ID: acf09d6659b9014e950c648af737fe85
	at java.base/jdk.internal.reflect.NativeConstructorAccessorImpl.newInstance0(Native Method)
	at java.base/jdk.internal.reflect.NativeConstructorAccessorImpl.newInstance(NativeConstructorAccessorImpl.java:77)
	at java.base/jdk.internal.reflect.DelegatingConstructorAccessorImpl.newInstance(DelegatingConstructorAccessorImpl.java:45)
	at java.base/java.lang.reflect.Constructor.newInstanceWithCaller(Constructor.java:499)
	at java.base/java.lang.reflect.Constructor.newInstance(Constructor.java:480)
	at org.openqa.selenium.remote.codec.w3c.W3CHttpResponseCodec.createException(W3CHttpResponseCodec.java:200)
	at org.openqa.selenium.remote.codec.w3c.W3CHttpResponseCodec.decode(W3CHttpResponseCodec.java:133)
	at org.openqa.selenium.remote.codec.w3c.W3CHttpResponseCodec.decode(W3CHttpResponseCodec.java:52)
	at org.openqa.selenium.remote.HttpCommandExecutor.execute(HttpCommandExecutor.java:191)
	at org.openqa.selenium.remote.service.DriverCommandExecutor.invokeExecute(DriverCommandExecutor.java:200)
	at org.openqa.selenium.remote.service.DriverCommandExecutor.execute(DriverCommandExecutor.java:175)
	at org.openqa.selenium.remote.RemoteWebDriver.execute(RemoteWebDriver.java:602)
	at org.openqa.selenium.remote.ElementLocation$ElementFinder$2.findElement(ElementLocation.java:165)
	at org.openqa.selenium.remote.ElementLocation.findElement(ElementLocation.java:59)
	at org.openqa.selenium.remote.RemoteWebDriver.findElement(RemoteWebDriver.java:359)
	at org.openqa.selenium.remote.RemoteWebDriver.findElement(RemoteWebDriver.java:353)
	at Pageobject.GreencartHome.noproductisdisplayed(GreencartHome.java:98)
	at Stepdefinitions.GreencartHomePage.user_able_to_see(GreencartHomePage.java:86)
	at ✽.user able to see "Sorry, no products matched your search!"(file:///C:/Users/krishna/cucumberfullframework/Rahulshetty/src/test/java/Featuresfile/GreenCartHomePage.feature:45)
]]></failure>
    <system-out><![CDATA[
@greencart
Scenario: add vegetables to your cart                                                                 # src/test/java/Featuresfile/GreenCartHomePage.feature:37

@greencart
Scenario: add vegetables to your cart                                                                 # src/test/java/Featuresfile/GreenCartHomePage.feature:38

@invalid @greencart
Scenario: invalid search                                          # src/test/java/Featuresfile/GreenCartHomePage.feature:50

@invalid @greencart
Scenario: invalid search                                          # src/test/java/Featuresfile/GreenCartHomePage.feature:51
null
null
null
null
  When user is on home page                                       # Stepdefinitions.GreencartHomePage.user_is_on_home_page()
  Then able to see lot of veggies and fruits                      # Stepdefinitions.GreencartHomePage.able_to_see_lot_of_veggies_and_fruits()
Potato
Potato
  When user typing invalid Potato                                 # Stepdefinitions.GreencartHomePage.user_typing_invalid_vegatables(java.lang.String)
  Then user able to see "Sorry, no products matched your search!" # Stepdefinitions.GreencartHomePage.user_able_to_see(java.lang.String)
      org.openqa.selenium.NoSuchElementException: no such element: Unable to locate element: {"method":"css selector","selector":".no\-results"}
  (Session info: chrome=120.0.6099.109)
For documentation on this error, please visit: https://www.selenium.dev/documentation/webdriver/troubleshooting/errors#no-such-element-exception
Build info: version: '4.14.1', revision: '03f8ede370'
System info: os.name: 'Windows 11', os.arch: 'amd64', os.version: '10.0', java.version: '17.0.7'
Driver info: org.openqa.selenium.chrome.ChromeDriver
Command: [acf09d6659b9014e950c648af737fe85, findElement {using=class name, value=no-results}]
Capabilities {acceptInsecureCerts: false, browserName: chrome, browserVersion: 120.0.6099.109, chrome: {chromedriverVersion: 120.0.6099.71 (9729082fe617..., userDataDir: C:\Users\krishna\AppData\Lo...}, fedcm:accounts: true, goog:chromeOptions: {debuggerAddress: localhost:57498}, networkConnectionEnabled: false, pageLoadStrategy: normal, platformName: windows, proxy: Proxy(), se:cdp: ws://localhost:57498/devtoo..., se:cdpVersion: 120.0.6099.109, setWindowRect: true, strictFileInteractability: false, timeouts: {implicit: 0, pageLoad: 300000, script: 30000}, unhandledPromptBehavior: dismiss and notify, webauthn:extension:credBlob: true, webauthn:extension:largeBlob: true, webauthn:extension:minPinLength: true, webauthn:extension:prf: true, webauthn:virtualAuthenticators: true}
Session ID: acf09d6659b9014e950c648af737fe85
	at java.base/jdk.internal.reflect.NativeConstructorAccessorImpl.newInstance0(Native Method)
	at java.base/jdk.internal.reflect.NativeConstructorAccessorImpl.newInstance(NativeConstructorAccessorImpl.java:77)
	at java.base/jdk.internal.reflect.DelegatingConstructorAccessorImpl.newInstance(DelegatingConstructorAccessorImpl.java:45)
	at java.base/java.lang.reflect.Constructor.newInstanceWithCaller(Constructor.java:499)
	at java.base/java.lang.reflect.Constructor.newInstance(Constructor.java:480)
	at org.openqa.selenium.remote.codec.w3c.W3CHttpResponseCodec.createException(W3CHttpResponseCodec.java:200)
	at org.openqa.selenium.remote.codec.w3c.W3CHttpResponseCodec.decode(W3CHttpResponseCodec.java:133)
	at org.openqa.selenium.remote.codec.w3c.W3CHttpResponseCodec.decode(W3CHttpResponseCodec.java:52)
	at org.openqa.selenium.remote.HttpCommandExecutor.execute(HttpCommandExecutor.java:191)
	at org.openqa.selenium.remote.service.DriverCommandExecutor.invokeExecute(DriverCommandExecutor.java:200)
	at org.openqa.selenium.remote.service.DriverCommandExecutor.execute(DriverCommandExecutor.java:175)
	at org.openqa.selenium.remote.RemoteWebDriver.execute(RemoteWebDriver.java:602)
	at org.openqa.selenium.remote.ElementLocation$ElementFinder$2.findElement(ElementLocation.java:165)
	at org.openqa.selenium.remote.ElementLocation.findElement(ElementLocation.java:59)
	at org.openqa.selenium.remote.RemoteWebDriver.findElement(RemoteWebDriver.java:359)
	at org.openqa.selenium.remote.RemoteWebDriver.findElement(RemoteWebDriver.java:353)
	at Pageobject.GreencartHome.noproductisdisplayed(GreencartHome.java:98)
	at Stepdefinitions.GreencartHomePage.user_able_to_see(GreencartHomePage.java:86)
	at âœ½.user able to see "Sorry, no products matched your search!"(file:///C:/Users/krishna/cucumberfullframework/Rahulshetty/src/test/java/Featuresfile/GreenCartHomePage.feature:45)

  When user is on home page                                                                           # Stepdefinitions.GreencartHomePage.user_is_on_home_page()
  Then able to see lot of veggies and fruits                                                          # Stepdefinitions.GreencartHomePage.able_to_see_lot_of_veggies_and_fruits()
onion

    Embedding image [image/png 404672 bytes]

  When user is on home page                                       # Stepdefinitions.GreencartHomePage.user_is_on_home_page()
  Then able to see lot of veggies and fruits                      # Stepdefinitions.GreencartHomePage.able_to_see_lot_of_veggies_and_fruits()
shredf1234
shredf1234
  When user is on home page                                                                           # Stepdefinitions.GreencartHomePage.user_is_on_home_page()
  Then able to see lot of veggies and fruits                                                          # Stepdefinitions.GreencartHomePage.able_to_see_lot_of_veggies_and_fruits()
potato
]]></system-out>
    <system-err><![CDATA[SLF4J: Failed to load class "org.slf4j.impl.StaticLoggerBinder".
SLF4J: Defaulting to no-operation (NOP) logger implementation
SLF4J: See http://www.slf4j.org/codes.html#StaticLoggerBinder for further details.
Dec 17, 2023 8:51:36 PM org.openqa.selenium.devtools.CdpVersionFinder findNearestMatch
WARNING: Unable to find an exact match for CDP version 120, returning the closest version; found: 118; Please update to a Selenium version that supports CDP version 120
Dec 17, 2023 8:51:36 PM org.openqa.selenium.devtools.CdpVersionFinder findNearestMatch
WARNING: Unable to find an exact match for CDP version 120, returning the closest version; found: 118; Please update to a Selenium version that supports CDP version 120
Dec 17, 2023 8:51:36 PM org.openqa.selenium.devtools.CdpVersionFinder findNearestMatch
WARNING: Unable to find an exact match for CDP version 120, returning the closest version; found: 118; Please update to a Selenium version that supports CDP version 120
Dec 17, 2023 8:51:36 PM org.openqa.selenium.devtools.CdpVersionFinder findNearestMatch
WARNING: Unable to find an exact match for CDP version 120, returning the closest version; found: 118; Please update to a Selenium version that supports CDP version 120
]]></system-err>
  </testcase>
  <testcase name="runScenario[&quot;invalid search&quot;, &quot;Greencarthomepage&quot;](2)" classname="Runner.TestRunnerGreencart" time="21.191">
    <system-out><![CDATA[  When user typing invalid shredf1234                             # Stepdefinitions.GreencartHomePage.user_typing_invalid_vegatables(java.lang.String)
  Then user able to see "Sorry, no products matched your search!" # Stepdefinitions.GreencartHomePage.user_able_to_see(java.lang.String)
]]></system-out>
  </testcase>
  <testcase name="runScenario[&quot;add vegetables to your cart&quot;, &quot;Greencarthomepage&quot;](3)" classname="Runner.TestRunnerGreencart" time="23.621">
    <system-out><![CDATA[  When user want to add one "onion" to cart with count 2                                              # Stepdefinitions.GreencartHomePage.user_want_to_add_one_vegatables_to_cart_with_count(java.lang.String,int)
  Then user able to add to cart and checkout                                                          # Stepdefinitions.GreencartHomePage.user_able_to_add_to_cart_and_checkout()
clearcache
  When user able to see "onion" and 2 at place order page                                             # Stepdefinitions.placeorderpage.user_able_to_see_and_at_place_order_page(java.lang.String,int)
  Then user able to apply code "rahulshettyacademy" and place the order                               # Stepdefinitions.placeorderpage.user_able_to_apply_code_and_place_the_order(java.lang.String)
  When user is on add a country "India" and accepted it                                               # Stepdefinitions.selectcountryandconfirmationpage.user_is_on_add_a_country_and_accepted_it(java.lang.String)
  Then user is able to see the confirmation page "Thank you, your order has been placed successfully" # Stepdefinitions.selectcountryandconfirmationpage.user_is_able_to_see_the_confirmation_page(java.lang.String)
  And routed to home page successfully                                                                # Stepdefinitions.selectcountryandconfirmationpage.routed_to_home_page_successfully()
  When user want to add one "potato" to cart with count 4                                             # Stepdefinitions.GreencartHomePage.user_want_to_add_one_vegatables_to_cart_with_count(java.lang.String,int)
  Then user able to add to cart and checkout                                                          # Stepdefinitions.GreencartHomePage.user_able_to_add_to_cart_and_checkout()
clearcache
  When user able to see "potato" and 4 at place order page                                            # Stepdefinitions.placeorderpage.user_able_to_see_and_at_place_order_page(java.lang.String,int)
  Then user able to apply code "rahulshettyacademy" and place the order                               # Stepdefinitions.placeorderpage.user_able_to_apply_code_and_place_the_order(java.lang.String)
  When user is on add a country "India" and accepted it                                               # Stepdefinitions.selectcountryandconfirmationpage.user_is_on_add_a_country_and_accepted_it(java.lang.String)
  Then user is able to see the confirmation page "Thank you, your order has been placed successfully" # Stepdefinitions.selectcountryandconfirmationpage.user_is_able_to_see_the_confirmation_page(java.lang.String)
  And routed to home page successfully                                                                # Stepdefinitions.selectcountryandconfirmationpage.routed_to_home_page_successfully()
]]></system-out>
    <system-err><![CDATA[Dec 17, 2023 8:51:51 PM org.openqa.selenium.remote.http.WebSocket$Listener onError
WARNING: Connection reset
java.net.SocketException: Connection reset
	at java.base/sun.nio.ch.SocketChannelImpl.throwConnectionReset(SocketChannelImpl.java:394)
	at java.base/sun.nio.ch.SocketChannelImpl.read(SocketChannelImpl.java:426)
	at java.net.http/jdk.internal.net.http.SocketTube.readAvailable(SocketTube.java:1170)
	at java.net.http/jdk.internal.net.http.SocketTube$InternalReadPublisher$InternalReadSubscription.read(SocketTube.java:833)
	at java.net.http/jdk.internal.net.http.SocketTube$SocketFlowTask.run(SocketTube.java:181)
	at java.net.http/jdk.internal.net.http.common.SequentialScheduler$SchedulableTask.run(SequentialScheduler.java:230)
	at java.net.http/jdk.internal.net.http.common.SequentialScheduler.runOrSchedule(SequentialScheduler.java:303)
	at java.net.http/jdk.internal.net.http.common.SequentialScheduler.runOrSchedule(SequentialScheduler.java:256)
	at java.net.http/jdk.internal.net.http.SocketTube$InternalReadPublisher$InternalReadSubscription.signalReadable(SocketTube.java:774)
	at java.net.http/jdk.internal.net.http.SocketTube$InternalReadPublisher$ReadEvent.signalEvent(SocketTube.java:957)
	at java.net.http/jdk.internal.net.http.SocketTube$SocketFlowEvent.handle(SocketTube.java:253)
	at java.net.http/jdk.internal.net.http.HttpClientImpl$SelectorManager.handleEvent(HttpClientImpl.java:979)
	at java.net.http/jdk.internal.net.http.HttpClientImpl$SelectorManager.lambda$run$3(HttpClientImpl.java:934)
	at java.base/java.util.ArrayList.forEach(ArrayList.java:1511)
	at java.net.http/jdk.internal.net.http.HttpClientImpl$SelectorManager.run(HttpClientImpl.java:934)

]]></system-err>
  </testcase>
  <testcase name="runScenario[&quot;add vegetables to your cart&quot;, &quot;Greencarthomepage&quot;](4)" classname="Runner.TestRunnerGreencart" time="23.636"/>
</testsuite>