<?xml version="1.0" encoding="UTF-8"?>
<testng-results ignored="0" total="2" passed="2" failed="0" skipped="0">
  <reporter-output>
  </reporter-output>
  <suite started-at="2023-12-15T21:44:12 IST" name="Default suite" finished-at="2023-12-15T21:44:36 IST" duration-ms="23178">
    <groups>
      <group name="cucumber">
        <method signature="AbstractTestNGCucumberTests.runScenario(io.cucumber.testng.PickleWrapper,io.cucumber.testng.FeatureWrapper)[pri:0, instance:Runner.TestRunnerGreencart@2cf3d63b]" name="runScenario" class="io.cucumber.testng.AbstractTestNGCucumberTests"/>
      </group> <!-- cucumber -->
    </groups>
    <test started-at="2023-12-15T21:44:12 IST" name="Default test" finished-at="2023-12-15T21:44:36 IST" duration-ms="23178">
      <class name="Runner.TestRunnerGreencart">
        <test-method is-config="true" signature="setUpClass(org.testng.ITestContext)[pri:0, instance:Runner.TestRunnerGreencart@2cf3d63b]" started-at="2023-12-15T21:44:12 IST" name="setUpClass" finished-at="2023-12-15T21:44:13 IST" duration-ms="632" status="PASS">
          <params>
            <param index="0">
              <value>
                <![CDATA[org.testng.TestRunner@221a2068]]>
              </value>
            </param>
          </params>
          <reporter-output>
          </reporter-output>
        </test-method> <!-- setUpClass -->
        <test-method signature="runScenario(io.cucumber.testng.PickleWrapper,io.cucumber.testng.FeatureWrapper)[pri:0, instance:Runner.TestRunnerGreencart@2cf3d63b]" started-at="2023-12-15T21:44:13 IST" name="runScenario" description="Runs Cucumber Scenarios" data-provider="scenarios" finished-at="2023-12-15T21:44:25 IST" duration-ms="12036" status="PASS">
          <params>
            <param index="0">
              <value>
                <![CDATA["add vegetables to your cart"]]>
              </value>
            </param>
            <param index="1">
              <value>
                <![CDATA["Greencarthomepage"]]>
              </value>
            </param>
          </params>
          <reporter-output>
          </reporter-output>
        </test-method> <!-- runScenario -->
        <test-method signature="runScenario(io.cucumber.testng.PickleWrapper,io.cucumber.testng.FeatureWrapper)[pri:0, instance:Runner.TestRunnerGreencart@2cf3d63b]" started-at="2023-12-15T21:44:25 IST" name="runScenario" description="Runs Cucumber Scenarios" data-provider="scenarios" finished-at="2023-12-15T21:44:35 IST" duration-ms="10285" status="PASS">
          <params>
            <param index="0">
              <value>
                <![CDATA["add vegetables to your cart"]]>
              </value>
            </param>
            <param index="1">
              <value>
                <![CDATA["Greencarthomepage"]]>
              </value>
            </param>
          </params>
          <reporter-output>
          </reporter-output>
        </test-method> <!-- runScenario -->
        <test-method is-config="true" signature="tearDownClass()[pri:0, instance:Runner.TestRunnerGreencart@2cf3d63b]" started-at="2023-12-15T21:44:35 IST" name="tearDownClass" finished-at="2023-12-15T21:44:36 IST" duration-ms="146" status="PASS">
          <reporter-output>
          </reporter-output>
        </test-method> <!-- tearDownClass -->
      </class> <!-- Runner.TestRunnerGreencart -->
    </test> <!-- Default test -->
  </suite> <!-- Default suite -->
</testng-results>
